[debug] [2025-08-09T13:03:11.598Z] ----------------------------------------------------------------------
[debug] [2025-08-09T13:03:11.600Z] Command:       /opt/homebrew/Cellar/node/24.4.1/bin/node /opt/homebrew/bin/firebase deploy --only hosting --non-interactive
[debug] [2025-08-09T13:03:11.600Z] CLI Version:   14.11.1
[debug] [2025-08-09T13:03:11.601Z] Platform:      darwin
[debug] [2025-08-09T13:03:11.601Z] Node Version:  v24.4.1
[debug] [2025-08-09T13:03:11.601Z] Time:          Sat Aug 09 2025 22:03:11 GMT+0900 (대한민국 표준시)
[debug] [2025-08-09T13:03:11.601Z] ----------------------------------------------------------------------
[debug] 
[debug] [2025-08-09T13:03:11.718Z] > command requires scopes: ["email","openid","https://www.googleapis.com/auth/cloudplatformprojects.readonly","https://www.googleapis.com/auth/firebase","https://www.googleapis.com/auth/cloud-platform"]
[debug] [2025-08-09T13:03:11.718Z] > authorizing via signed-in user (contact@alolot.kr)
[debug] [2025-08-09T13:03:11.718Z] [iam] checking project alolot-7fa32 for permissions ["firebase.projects.get","firebasehosting.sites.update"]
[debug] [2025-08-09T13:03:11.718Z] Checked if tokens are valid: true, expires at: 1754747956133
[debug] [2025-08-09T13:03:11.718Z] Checked if tokens are valid: true, expires at: 1754747956133
[debug] [2025-08-09T13:03:11.719Z] >>> [apiv2][query] POST https://cloudresourcemanager.googleapis.com/v1/projects/alolot-7fa32:testIamPermissions [none]
[debug] [2025-08-09T13:03:11.719Z] >>> [apiv2][(partial)header] POST https://cloudresourcemanager.googleapis.com/v1/projects/alolot-7fa32:testIamPermissions x-goog-quota-user=projects/alolot-7fa32
[debug] [2025-08-09T13:03:11.719Z] >>> [apiv2][body] POST https://cloudresourcemanager.googleapis.com/v1/projects/alolot-7fa32:testIamPermissions {"permissions":["firebase.projects.get","firebasehosting.sites.update"]}
[debug] [2025-08-09T13:03:11.971Z] <<< [apiv2][status] POST https://cloudresourcemanager.googleapis.com/v1/projects/alolot-7fa32:testIamPermissions 200
[debug] [2025-08-09T13:03:11.971Z] <<< [apiv2][body] POST https://cloudresourcemanager.googleapis.com/v1/projects/alolot-7fa32:testIamPermissions {"permissions":["firebase.projects.get","firebasehosting.sites.update"]}
[debug] [2025-08-09T13:03:11.972Z] Checked if tokens are valid: true, expires at: 1754747956133
[debug] [2025-08-09T13:03:11.972Z] Checked if tokens are valid: true, expires at: 1754747956133
[debug] [2025-08-09T13:03:11.972Z] >>> [apiv2][query] GET https://firebase.googleapis.com/v1beta1/projects/alolot-7fa32 [none]
[debug] [2025-08-09T13:03:12.437Z] <<< [apiv2][status] GET https://firebase.googleapis.com/v1beta1/projects/alolot-7fa32 200
[debug] [2025-08-09T13:03:12.438Z] <<< [apiv2][body] GET https://firebase.googleapis.com/v1beta1/projects/alolot-7fa32 {"projectId":"alolot-7fa32","projectNumber":"749551328780","displayName":"alolot","name":"projects/alolot-7fa32","resources":{"hostingSite":"alolot-7fa32"},"state":"ACTIVE","etag":"1_dd85febe-276a-4c09-89d0-76309993f5ba"}
[info] 
[info] === Deploying to 'alolot-7fa32'...
[info] 
[info] i  deploying hosting 
[debug] [2025-08-09T13:03:12.441Z] Checked if tokens are valid: true, expires at: 1754747956133
[debug] [2025-08-09T13:03:12.441Z] Checked if tokens are valid: true, expires at: 1754747956133
[debug] [2025-08-09T13:03:12.441Z] >>> [apiv2][query] POST https://firebasehosting.googleapis.com/v1beta1/projects/-/sites/alolot-7fa32/versions [none]
[debug] [2025-08-09T13:03:12.442Z] >>> [apiv2][body] POST https://firebasehosting.googleapis.com/v1beta1/projects/-/sites/alolot-7fa32/versions {"status":"CREATED","labels":{"deployment-tool":"cli-firebase"}}
